<?xml version="1.0" encoding="UTF-8" ?>
<testsuites>
<testsuite name="art" errors="0" tests="1" failures="1" time="10.962" timestamp="2015-03-16T11:51:16">
  <testcase classname="art" name="CSK-722;validatie bsn nummer in houder overzicht" time="10.953"><failure type="expect" message="Error: Wait timed out after 4069ms">Error: Wait timed out after 4069ms
    at /usr/local/lib/node_modules/protractor/node_modules/selenium-webdriver/lib/webdriver/promise.js:1412:29
    at /usr/local/lib/node_modules/protractor/node_modules/selenium-webdriver/lib/goog/base.js:1582:15
    at webdriver.promise.ControlFlow.runInNewFrame_ (/usr/local/lib/node_modules/protractor/node_modules/selenium-webdriver/lib/webdriver/promise.js:1640:20)
    at notify (/usr/local/lib/node_modules/protractor/node_modules/selenium-webdriver/lib/webdriver/promise.js:444:12)
    at then (/usr/local/lib/node_modules/protractor/node_modules/selenium-webdriver/lib/webdriver/promise.js:497:7)
    at Object.webdriver.promise.asap (/usr/local/lib/node_modules/protractor/node_modules/selenium-webdriver/lib/webdriver/promise.js:749:11)
    at /usr/local/lib/node_modules/protractor/node_modules/selenium-webdriver/lib/webdriver/promise.js:1656:25
    at /usr/local/lib/node_modules/protractor/node_modules/selenium-webdriver/lib/goog/base.js:1582:15
    at webdriver.promise.ControlFlow.runInNewFrame_ (/usr/local/lib/node_modules/protractor/node_modules/selenium-webdriver/lib/webdriver/promise.js:1640:20)
    at notify (/usr/local/lib/node_modules/protractor/node_modules/selenium-webdriver/lib/webdriver/promise.js:444:12)
    at notifyAll (/usr/local/lib/node_modules/protractor/node_modules/selenium-webdriver/lib/webdriver/promise.js:422:7)
    at resolve (/usr/local/lib/node_modules/protractor/node_modules/selenium-webdriver/lib/webdriver/promise.js:400:7)
    at fulfill (/usr/local/lib/node_modules/protractor/node_modules/selenium-webdriver/lib/webdriver/promise.js:512:5)
    at webdriver.promise.ControlFlow.resolveFrame_ (/usr/local/lib/node_modules/protractor/node_modules/selenium-webdriver/lib/webdriver/promise.js:1561:9)
    at webdriver.promise.ControlFlow.getNextTask_ (/usr/local/lib/node_modules/protractor/node_modules/selenium-webdriver/lib/webdriver/promise.js:1530:12)
    at webdriver.promise.ControlFlow.runEventLoop_ (/usr/local/lib/node_modules/protractor/node_modules/selenium-webdriver/lib/webdriver/promise.js:1488:59)
    at wrapper [as _onTimeout] (timers.js:265:14)
    at Timer.listOnTimeout (timers.js:110:15)
==== async task ====
    at webdriver.promise.ControlFlow.wait (/usr/local/lib/node_modules/protractor/node_modules/selenium-webdriver/lib/webdriver/promise.js:1397:15)
    at webdriver.WebDriver.wait (/usr/local/lib/node_modules/protractor/node_modules/selenium-webdriver/lib/webdriver/webdriver.js:589:21)
    at to.(anonymous function) [as wait] (/usr/local/lib/node_modules/protractor/lib/protractor.js:58:25)
    at Object.wait (to appear (/home/gantcho/workspace/testr/keywords/index.coffee:36:22))
    at /home/gantcho/workspace/testr/lib/runner.coffee:34:33
    at webdriver.promise.ControlFlow.runInNewFrame_ (/usr/local/lib/node_modules/protractor/node_modules/selenium-webdriver/lib/webdriver/promise.js:1640:20)
    at webdriver.promise.ControlFlow.runEventLoop_ (/usr/local/lib/node_modules/protractor/node_modules/selenium-webdriver/lib/webdriver/promise.js:1505:8)
    at wrapper [as _onTimeout] (timers.js:265:14)
    at Timer.listOnTimeout (timers.js:110:15)
==== async task ====
    at /home/gantcho/workspace/testr/lib/runner.coffee:51:29
    at /usr/local/lib/node_modules/protractor/node_modules/selenium-webdriver/lib/goog/base.js:1582:15
    at webdriver.promise.ControlFlow.runInNewFrame_ (/usr/local/lib/node_modules/protractor/node_modules/selenium-webdriver/lib/webdriver/promise.js:1640:20)
    at notify (/usr/local/lib/node_modules/protractor/node_modules/selenium-webdriver/lib/webdriver/promise.js:444:12)
    at notifyAll (/usr/local/lib/node_modules/protractor/node_modules/selenium-webdriver/lib/webdriver/promise.js:422:7)
    at resolve (/usr/local/lib/node_modules/protractor/node_modules/selenium-webdriver/lib/webdriver/promise.js:400:7)
    at fulfill (/usr/local/lib/node_modules/protractor/node_modules/selenium-webdriver/lib/webdriver/promise.js:512:5)
    at /usr/local/lib/node_modules/protractor/node_modules/selenium-webdriver/lib/webdriver/promise.js:1507:10
    at _fulfilled (/home/gantcho/workspace/testr/node_modules/q/q.js:787:54)
    at self.promiseDispatch.done (/home/gantcho/workspace/testr/node_modules/q/q.js:816:30)
    at Promise.promise.promiseDispatch (/home/gantcho/workspace/testr/node_modules/q/q.js:749:13)
    at /home/gantcho/workspace/testr/node_modules/q/q.js:557:44
    at flush (/home/gantcho/workspace/testr/node_modules/q/q.js:108:17)
    at process._tickCallback (node.js:355:11)
==== async task ====
Asynchronous test function: it()
    at null.&amp;lt;anonymous&amp;gt; (/usr/local/lib/node_modules/protractor/node_modules/jasminewd/index.js:93:33)
    at null.&amp;lt;anonymous&amp;gt; (/usr/local/lib/node_modules/protractor/node_modules/minijasminenode/lib/async-callback.js:45:37)
    at jasmine.Block.execute (/usr/local/lib/node_modules/protractor/node_modules/minijasminenode/lib/jasmine-1.3.1.js:1174:17)
    at jasmine.Queue.next_ (/usr/local/lib/node_modules/protractor/node_modules/minijasminenode/lib/jasmine-1.3.1.js:2209:31)
    at null._onTimeout (/usr/local/lib/node_modules/protractor/node_modules/minijasminenode/lib/jasmine-1.3.1.js:2199:18)
    at Timer.listOnTimeout (timers.js:110:15)==== async task ====
Error
    at null.&amp;lt;anonymous&amp;gt; (/home/gantcho/workspace/testr/spec/spec.coffee:7:12)
    at jasmine.Env.describe_ (/usr/local/lib/node_modules/protractor/node_modules/minijasminenode/lib/jasmine-1.3.1.js:913:21)
    at jasmine.Env.describe (/usr/local/lib/node_modules/protractor/node_modules/minijasminenode/lib/jasmine-1.3.1.js:898:15)
    at describe (/usr/local/lib/node_modules/protractor/node_modules/minijasminenode/lib/jasmine-1.3.1.js:658:27)
    at Object.&amp;lt;anonymous&amp;gt; (/home/gantcho/workspace/testr/spec/spec.coffee:6:3)
    at Object.&amp;lt;anonymous&amp;gt; (/home/gantcho/workspace/testr/spec/spec.coffee:12:4)
    at Module._compile (module.js:460:26)
    at Object.loadFile (/usr/local/lib/node_modules/coffee-script/lib/coffee-script/register.js:16:19)
    at Module.load (/usr/local/lib/node_modules/coffee-script/lib/coffee-script/register.js:45:36)
    at Function.Module._load (module.js:310:12)
    at Module.require (module.js:365:17)
    at require (module.js:384:17)
    at Object.exports.executeSpecs (/usr/local/lib/node_modules/protractor/node_modules/minijasminenode/lib/index.js:130:7)
    at /usr/local/lib/node_modules/protractor/lib/frameworks/jasmine.js:49:12
    at _fulfilled (/usr/local/lib/node_modules/protractor/node_modules/q/q.js:797:54)
    at self.promiseDispatch.done (/usr/local/lib/node_modules/protractor/node_modules/q/q.js:826:30)
    at Promise.promise.promiseDispatch (/usr/local/lib/node_modules/protractor/node_modules/q/q.js:759:13)
    at /usr/local/lib/node_modules/protractor/node_modules/q/q.js:525:49
    at flush (/usr/local/lib/node_modules/protractor/node_modules/q/q.js:108:17)
    at process._tickCallback (node.js:355:11)
    at Function.Module.runMain (module.js:503:11)
    at startup (node.js:129:16)
    at node.js:814:3</failure></testcase>
</testsuite>
</testsuites>