<?xml version="1.0" encoding="UTF-8" ?>
<testsuites>
<testsuite name="art" errors="0" tests="1" failures="0" time="5.066" timestamp="2015-02-18T12:54:13">
  <testcase classname="art" name="CSK-722;validatie bsn nummer in houder overzicht" time="5.06"></testcase>
</testsuite>
</testsuites>